This is XeTeXk, Version 3.1415926-2.2-0.999.6 (Web2C 7.5.7) (format=xelatex 2009.9.4)  4 DEC 2009 15:40
entering extended mode
 %&-line parsing enabled.
**beamber2.tex
(./beamber2.tex
LaTeX2e <2005/12/01>
Babel <v3.8l> and hyphenation patterns for english, usenglishmax, dumylang, noh
yphenation, german-x-2008-06-18, ngerman-x-2008-06-18, ancientgreek, ibycus, ar
abic, basque, bulgarian, catalan, pinyin, coptic, croatian, czech, danish, dutc
h, esperanto, estonian, farsi, finnish, french, galician, german, ngerman, mono
greek, greek, hungarian, icelandic, indonesian, interlingua, irish, italian, la
tin, mongolian, mongolian2a, bokmal, nynorsk, polish, portuguese, romanian, rus
sian, sanskrit, serbian, slovak, slovenian, spanish, swedish, turkish, ukenglis
h, ukrainian, uppersorbian, welsh, loaded.
(/usr/local/texlive/2008/texmf-dist/tex/latex/beamer/beamer.cls
(/usr/local/texlive/2008/texmf-dist/tex/latex/beamer/beamerbasercs.sty
Package: beamerbasercs 2007/01/28 (rcs-revision 1.4)
)
Document Class: beamer 2007/03/11 cvs version 3.07 A class for typesetting pres
entations (rcs-revision 1.70)
(/usr/local/texlive/2008/texmf-dist/tex/latex/beamer/beamerbasemodes.sty
Package: beamerbasemodes 2007/01/28 (rcs-revision 1.22)
\beamer@tempbox=\box26
\beamer@tempcount=\count79
\c@beamerpauses=\count80

(/usr/local/texlive/2008/texmf-dist/tex/latex/beamer/beamerbasedecode.sty
Package: beamerbasedecode 2007/01/28 (rcs-revision 1.20)
\beamer@slideinframe=\count81
\beamer@minimum=\count82
)
\beamer@commentbox=\box27
\beamer@modecount=\count83
)
\pdfoutput=\count84
\headheight=\dimen102
\headdp=\dimen103
\footheight=\dimen104
\sidebarheight=\dimen105
\beamer@tempdim=\dimen106
\beamer@finalheight=\dimen107
\beamer@animht=\dimen108
\beamer@animdp=\dimen109
\beamer@animwd=\dimen110
\beamer@leftmargin=\dimen111
\beamer@rightmargin=\dimen112
\beamer@leftsidebar=\dimen113
\beamer@rightsidebar=\dimen114
\beamer@boxsize=\dimen115
\beamer@vboxoffset=\dimen116
\beamer@descdefault=\dimen117
\beamer@descriptionwidth=\dimen118
\beamer@lastskip=\skip41
\beamer@areabox=\box28
\beamer@animcurrent=\box29
\beamer@animshowbox=\box30
\beamer@sectionbox=\box31
\beamer@logobox=\box32
\beamer@linebox=\box33
\beamer@sectioncount=\count85
\beamer@subsubsectionmax=\count86
\beamer@subsectionmax=\count87
\beamer@sectionmax=\count88
\beamer@totalheads=\count89
\beamer@headcounter=\count90
\beamer@partstartpage=\count91
\beamer@sectionstartpage=\count92
\beamer@subsectionstartpage=\count93
\beamer@animationtempa=\count94
\beamer@animationtempb=\count95
\beamer@xpos=\count96
\beamer@ypos=\count97
\beamer@showpartnumber=\count98
\beamer@currentsubsection=\count99
\beamer@coveringdepth=\count100
\beamer@sectionadjust=\count101
\beamer@tocsectionnumber=\count102

(/usr/local/texlive/2008/texmf-dist/tex/latex/beamer/beamerbaseoptions.sty
Package: beamerbaseoptions 2007/01/28 (rcs-revision 1.8)

(/usr/local/texlive/2008/texmf-dist/tex/latex/graphics/keyval.sty
Package: keyval 1999/03/16 v1.13 key=value parser (DPC)
\KV@toks@=\toks14
))
(/usr/local/texlive/2008/texmf-dist/tex/latex/pgf/basiclayer/pgfcore.sty
(/usr/local/texlive/2008/texmf-dist/tex/latex/graphics/graphicx.sty
Package: graphicx 1999/02/16 v1.0f Enhanced LaTeX Graphics (DPC,SPQR)

(/usr/local/texlive/2008/texmf-dist/tex/latex/graphics/graphics.sty
Package: graphics 2006/02/20 v1.0o Standard LaTeX Graphics (DPC,SPQR)

(/usr/local/texlive/2008/texmf-dist/tex/latex/graphics/trig.sty
Package: trig 1999/03/16 v1.09 sin cos tan (DPC)
)
(/usr/local/texlive/2008/texmf/tex/latex/config/graphics.cfg
File: graphics.cfg 2007/01/18 v1.5 graphics configuration of teTeX/TeXLive
)
Package graphics Info: Driver file: xetex.def on input line 90.

(/usr/local/texlive/2008/texmf-dist/tex/xelatex/xetex-def/xetex.def
File: xetex.def 2006/08/10 v0.92 LaTeX color/graphics driver for XeTeX (RRM, mo
d. JK)
))
\Gin@req@height=\dimen119
\Gin@req@width=\dimen120
)
(/usr/local/texlive/2008/texmf-dist/tex/latex/pgf/systemlayer/pgfsys.sty
(/usr/local/texlive/2008/texmf-dist/tex/latex/pgf/utilities/pgfrcs.sty
(/usr/local/texlive/2008/texmf-dist/tex/generic/pgf/utilities/pgfutil-common.te
x
\pgfutil@everybye=\toks15
)
(/usr/local/texlive/2008/texmf-dist/tex/generic/pgf/utilities/pgfutil-latex.def
) (/usr/local/texlive/2008/texmf-dist/tex/generic/pgf/utilities/pgfrcs.code.tex
Package: pgfrcs 2008/02/20 v2.00 (rcs-revision 1.21)
))
(/usr/local/texlive/2008/texmf-dist/tex/generic/pgf/systemlayer/pgfsys.code.tex
Package: pgfsys 2008/02/07 v2.00 (rcs-revision 1.31)
(/usr/local/texlive/2008/texmf-dist/tex/generic/pgf/utilities/pgfkeys.code.tex
\pgfkeys@pathtoks=\toks16
\pgfkeys@temptoks=\toks17
)
\pgf@x=\dimen121
\pgf@y=\dimen122
\pgf@xa=\dimen123
\pgf@ya=\dimen124
\pgf@xb=\dimen125
\pgf@yb=\dimen126
\pgf@xc=\dimen127
\pgf@yc=\dimen128
\c@pgf@counta=\count103
\c@pgf@countb=\count104
\c@pgf@countc=\count105
\c@pgf@countd=\count106
(/usr/local/texlive/2008/texmf-dist/tex/generic/pgf/systemlayer/pgf.cfg
File: pgf.cfg 2008/01/13  (rcs-revision 1.6)
)
Package pgfsys Info: Driver file for pgf: pgfsys-xetex.def on input line 885.

(/usr/local/texlive/2008/texmf-dist/tex/generic/pgf/systemlayer/pgfsys-xetex.de
f
File: pgfsys-xetex.def 2007/12/17  (rcs-revision 1.1)

(/usr/local/texlive/2008/texmf-dist/tex/generic/pgf/systemlayer/pgfsys-common-p
df.def
File: pgfsys-common-pdf.def 2007/12/17  (rcs-revision 1.8)
)
(/usr/local/texlive/2008/texmf-dist/tex/generic/pgf/systemlayer/pgfsys-common-p
df-via-dvi.def
File: pgfsys-common-pdf-via-dvi.def 2008/02/05  (rcs-revision 1.4)
)))
(/usr/local/texlive/2008/texmf-dist/tex/generic/pgf/systemlayer/pgfsyssoftpath.
code.tex
File: pgfsyssoftpath.code.tex 2008/01/23  (rcs-revision 1.6)
\pgfsyssoftpath@smallbuffer@items=\count107
\pgfsyssoftpath@bigbuffer@items=\count108
)
(/usr/local/texlive/2008/texmf-dist/tex/generic/pgf/systemlayer/pgfsysprotocol.
code.tex
File: pgfsysprotocol.code.tex 2006/10/16  (rcs-revision 1.4)
)) (/usr/local/texlive/2008/texmf-dist/tex/latex/xcolor/xcolor.sty
Package: xcolor 2007/01/21 v2.11 LaTeX color extensions (UK)

(/usr/local/texlive/2008/texmf/tex/latex/config/color.cfg
File: color.cfg 2007/01/18 v1.5 color configuration of teTeX/TeXLive
)
Package xcolor Info: Driver file: xetex.def on input line 225.
Package xcolor Info: Model `cmy' substituted by `cmy0' on input line 1337.
Package xcolor Info: Model `RGB' extended on input line 1353.
Package xcolor Info: Model `HTML' substituted by `rgb' on input line 1355.
Package xcolor Info: Model `Hsb' substituted by `hsb' on input line 1356.
Package xcolor Info: Model `tHsb' substituted by `hsb' on input line 1357.
Package xcolor Info: Model `HSB' substituted by `hsb' on input line 1358.
Package xcolor Info: Model `Gray' substituted by `gray' on input line 1359.
Package xcolor Info: Model `wave' substituted by `hsb' on input line 1360.
)
(/usr/local/texlive/2008/texmf-dist/tex/generic/pgf/basiclayer/pgfcore.code.tex
Package: pgfcore 2008/01/15 v2.00 (rcs-revision 1.6)
(/usr/local/texlive/2008/texmf-dist/tex/generic/pgf/math/pgfmath.code.tex
(/usr/local/texlive/2008/texmf-dist/tex/generic/pgf/math/pgfmathcalc.code.tex
(/usr/local/texlive/2008/texmf-dist/tex/generic/pgf/math/pgfmathutil.code.tex
\pgfmath@box=\box34
)
(/usr/local/texlive/2008/texmf-dist/tex/generic/pgf/math/pgfmathparser.code.tex
\pgfmath@stack=\toks18
\c@pgfmath@parsecounta=\count109
\c@pgfmath@parsecountb=\count110
\c@pgfmath@parsecountc=\count111
\pgfmath@parsex=\dimen129
)
(/usr/local/texlive/2008/texmf-dist/tex/generic/pgf/math/pgfmathoperations.code
.tex
(/usr/local/texlive/2008/texmf-dist/tex/generic/pgf/math/pgfmathtrig.code.tex)
(/usr/local/texlive/2008/texmf-dist/tex/generic/pgf/math/pgfmathrnd.code.tex))
(/usr/local/texlive/2008/texmf-dist/tex/generic/pgf/math/pgfmathbase.code.tex))
)
(/usr/local/texlive/2008/texmf-dist/tex/generic/pgf/basiclayer/pgfcorepoints.co
de.tex
File: pgfcorepoints.code.tex 2008/02/03  (rcs-revision 1.13)
\pgf@picminx=\dimen130
\pgf@picmaxx=\dimen131
\pgf@picminy=\dimen132
\pgf@picmaxy=\dimen133
\pgf@pathminx=\dimen134
\pgf@pathmaxx=\dimen135
\pgf@pathminy=\dimen136
\pgf@pathmaxy=\dimen137
\pgf@xx=\dimen138
\pgf@xy=\dimen139
\pgf@yx=\dimen140
\pgf@yy=\dimen141
\pgf@zx=\dimen142
\pgf@zy=\dimen143
)
(/usr/local/texlive/2008/texmf-dist/tex/generic/pgf/basiclayer/pgfcorepathconst
ruct.code.tex
File: pgfcorepathconstruct.code.tex 2008/02/13  (rcs-revision 1.14)
\pgf@path@lastx=\dimen144
\pgf@path@lasty=\dimen145
)
(/usr/local/texlive/2008/texmf-dist/tex/generic/pgf/basiclayer/pgfcorepathusage
.code.tex
File: pgfcorepathusage.code.tex 2008/01/23  (rcs-revision 1.11)
\pgf@shorten@end@additional=\dimen146
\pgf@shorten@start@additional=\dimen147
)
(/usr/local/texlive/2008/texmf-dist/tex/generic/pgf/basiclayer/pgfcorescopes.co
de.tex
File: pgfcorescopes.code.tex 2008/01/15  (rcs-revision 1.26)
\pgfpic=\box35
\pgf@hbox=\box36
\pgf@layerbox@main=\box37
\pgf@picture@serial@count=\count112
)
(/usr/local/texlive/2008/texmf-dist/tex/generic/pgf/basiclayer/pgfcoregraphicst
ate.code.tex
File: pgfcoregraphicstate.code.tex 2007/12/12  (rcs-revision 1.8)
\pgflinewidth=\dimen148
)
(/usr/local/texlive/2008/texmf-dist/tex/generic/pgf/basiclayer/pgfcoretransform
ations.code.tex
File: pgfcoretransformations.code.tex 2008/02/04  (rcs-revision 1.10)
\pgf@pt@x=\dimen149
\pgf@pt@y=\dimen150
\pgf@pt@temp=\dimen151
)
(/usr/local/texlive/2008/texmf-dist/tex/generic/pgf/basiclayer/pgfcorequick.cod
e.tex
File: pgfcorequick.code.tex 2006/10/11  (rcs-revision 1.2)
)
(/usr/local/texlive/2008/texmf-dist/tex/generic/pgf/basiclayer/pgfcoreobjects.c
ode.tex
File: pgfcoreobjects.code.tex 2006/10/11  (rcs-revision 1.2)
)
(/usr/local/texlive/2008/texmf-dist/tex/generic/pgf/basiclayer/pgfcorepathproce
ssing.code.tex
File: pgfcorepathprocessing.code.tex 2008/01/23  (rcs-revision 1.7)
)
(/usr/local/texlive/2008/texmf-dist/tex/generic/pgf/basiclayer/pgfcorearrows.co
de.tex
File: pgfcorearrows.code.tex 2007/06/07  (rcs-revision 1.8)
)
(/usr/local/texlive/2008/texmf-dist/tex/generic/pgf/basiclayer/pgfcoreshade.cod
e.tex
File: pgfcoreshade.code.tex 2007/12/10  (rcs-revision 1.9)
\pgf@max=\dimen152
\pgf@sys@shading@range@num=\count113
)
(/usr/local/texlive/2008/texmf-dist/tex/generic/pgf/basiclayer/pgfcoreimage.cod
e.tex
File: pgfcoreimage.code.tex 2008/01/15  (rcs-revision 1.1)
\pgfexternal@startupbox=\box38
)
(/usr/local/texlive/2008/texmf-dist/tex/generic/pgf/basiclayer/pgfcorelayers.co
de.tex
File: pgfcorelayers.code.tex 2008/01/15  (rcs-revision 1.1)
)
(/usr/local/texlive/2008/texmf-dist/tex/generic/pgf/basiclayer/pgfcoretranspare
ncy.code.tex
File: pgfcoretransparency.code.tex 2008/01/17  (rcs-revision 1.2)
)
(/usr/local/texlive/2008/texmf-dist/tex/generic/pgf/basiclayer/pgfcorepatterns.
code.tex
File: pgfcorepatterns.code.tex 2008/01/15  (rcs-revision 1.1)
)))
(/usr/local/texlive/2008/texmf-dist/tex/latex/pgf/basiclayer/pgfbaseimage.sty

Package pgf Warning: This package is obsolete and no longer needed on input lin
e 13.

) (/usr/local/texlive/2008/texmf-dist/tex/latex/pgf/utilities/xxcolor.sty
Package: xxcolor 2003/10/24 ver 0.1
\XC@nummixins=\count114
\XC@countmixins=\count115
)
(/usr/local/texlive/2008/texmf-dist/tex/latex/amsfonts/amssymb.sty
Package: amssymb 2002/01/22 v2.2d

(/usr/local/texlive/2008/texmf-dist/tex/latex/amsfonts/amsfonts.sty
Package: amsfonts 2001/10/25 v2.2f
\@emptytoks=\toks19
\symAMSa=\mathgroup4
\symAMSb=\mathgroup5
LaTeX Font Info:    Overwriting math alphabet `\mathfrak' in version `bold'
(Font)                  U/euf/m/n --> U/euf/b/n on input line 132.
))
(/usr/local/texlive/2008/texmf-dist/tex/latex/geometry/geometry.sty
Package: geometry 2002/07/08 v3.2 Page Geometry
\Gm@cnth=\count116
\Gm@cntv=\count117
\c@Gm@tempcnt=\count118
\Gm@bindingoffset=\dimen153
\Gm@wd@mp=\dimen154
\Gm@odd@mp=\dimen155
\Gm@even@mp=\dimen156
\Gm@dimlist=\toks20

(/usr/local/texlive/2008/texmf-dist/tex/xelatex/xetexconfig/geometry.cfg))
(/usr/local/texlive/2008/texmf-dist/tex/latex/hyperref/hyperref.sty
Package: hyperref 2008/08/14 v6.78f Hypertext links for LaTeX

(/usr/local/texlive/2008/texmf-dist/tex/generic/oberdiek/ifpdf.sty
Package: ifpdf 2007/12/12 v1.6 Provides the ifpdf switch (HO)
Package ifpdf Info: pdfTeX in pdf mode not detected.
)
(/usr/local/texlive/2008/texmf-dist/tex/generic/oberdiek/ifvtex.sty
Package: ifvtex 2007/09/09 v1.3 Switches for detecting VTeX and its modes (HO)
Package ifvtex Info: VTeX not detected.
)
(/usr/local/texlive/2008/texmf-dist/tex/generic/ifxetex/ifxetex.sty
Package: ifxetex 2006/08/21 v0.3 Provides ifxetex conditional
)
(/usr/local/texlive/2008/texmf-dist/tex/latex/oberdiek/hycolor.sty
Package: hycolor 2008/08/01 v1.3 Code for color options of hyperref/bookmark (H
O)

(/usr/local/texlive/2008/texmf-dist/tex/latex/oberdiek/xcolor-patch.sty
Package: xcolor-patch 2008/08/01 xcolor patch
))
\@linkdim=\dimen157
\Hy@linkcounter=\count119
\Hy@pagecounter=\count120

(/usr/local/texlive/2008/texmf-dist/tex/latex/hyperref/pd1enc.def
File: pd1enc.def 2008/08/14 v6.78f Hyperref: PDFDocEncoding definition (HO)
)
(/usr/local/texlive/2008/texmf-dist/tex/generic/oberdiek/etexcmds.sty
Package: etexcmds 2007/12/12 v1.2 Prefix for e-TeX command names (HO)

(/usr/local/texlive/2008/texmf-dist/tex/generic/oberdiek/infwarerr.sty
Package: infwarerr 2007/09/09 v1.2 Providing info/warning/message (HO)
)
Package etexcmds Info: Could not find \expanded.
(etexcmds)             That can mean that you are not using pdfTeX 1.50 or
(etexcmds)             that some package has redefined \expanded.
(etexcmds)             In the latter case, load this package earlier.
)
(/usr/local/texlive/2008/texmf-dist/tex/xelatex/xetexconfig/hyperref.cfg
File: hyperref.cfg 2008/07/11 v1.2 hyperref configuration for XeLaTeX
)
(/usr/local/texlive/2008/texmf-dist/tex/latex/oberdiek/kvoptions.sty
Package: kvoptions 2007/10/18 v3.0 Keyval support for LaTeX options (HO)
)
Package hyperref Info: Option `bookmarks' set `true' on input line 2765.
Package hyperref Info: Option `bookmarksopen' set `true' on input line 2765.
Package hyperref Info: Option `implicit' set `false' on input line 2765.
Package hyperref Info: Hyper figures OFF on input line 2876.
Package hyperref Info: Link nesting OFF on input line 2881.
Package hyperref Info: Hyper index ON on input line 2884.
Package hyperref Info: Plain pages OFF on input line 2891.
Package hyperref Info: Backreferencing OFF on input line 2896.

Implicit mode OFF; no redefinition of LaTeX internals
Package hyperref Info: Bookmarks ON on input line 3086.
(/usr/local/texlive/2008/texmf-dist/tex/latex/ltxmisc/url.sty
\Urlmuskip=\muskip10
Package: url 2006/04/12  ver 3.3  Verb mode for urls, etc.
)
LaTeX Info: Redefining \url on input line 3272.

(/usr/local/texlive/2008/texmf-dist/tex/generic/oberdiek/bitset.sty
Package: bitset 2007/09/28 v1.0 Data type bit set (HO)

(/usr/local/texlive/2008/texmf-dist/tex/generic/oberdiek/intcalc.sty
Package: intcalc 2007/09/27 v1.1 Expandable integer calculations (HO)
)
(/usr/local/texlive/2008/texmf-dist/tex/generic/oberdiek/bigintcalc.sty
Package: bigintcalc 2007/11/11 v1.1 Expandable big integer calculations (HO)

(/usr/local/texlive/2008/texmf-dist/tex/generic/oberdiek/pdftexcmds.sty
Package: pdftexcmds 2007/12/12 v0.3 LuaTeX support for pdfTeX utility functions
 (HO)
Package pdftexcmds Info: LuaTeX not detected on input line 139.
Package pdftexcmds Info: pdfTeX >= 1.30 not detected.
)))
(/usr/local/texlive/2008/texmf-dist/tex/generic/oberdiek/kvsetkeys.sty
Package: kvsetkeys 2007/09/29 v1.3 Key value parser with default handler suppor
t (HO)
)
\Fld@menulength=\count121
\Field@Width=\dimen158
\Fld@charsize=\dimen159
\Field@toks=\toks21
Package hyperref Info: Hyper figures OFF on input line 4189.
Package hyperref Info: Link nesting OFF on input line 4194.
Package hyperref Info: Hyper index ON on input line 4197.
Package hyperref Info: backreferencing OFF on input line 4204.
Package hyperref Info: Link coloring OFF on input line 4209.
Package hyperref Info: Link coloring with OCG OFF on input line 4214.
Package hyperref Info: PDF/A mode OFF on input line 4219.

(/usr/local/texlive/2008/texmf-dist/tex/generic/oberdiek/atbegshi.sty
Package: atbegshi 2008/07/31 v1.9 At begin shipout hook (HO)
)

Package hyperref Warning: Option `pdfpagelabels' is turned off
(hyperref)                because \thepage is undefined.

Hyperref stopped early
)
*hyperref using default driver hdvipdfm*
(/usr/local/texlive/2008/texmf-dist/tex/latex/hyperref/hdvipdfm.def
File: hdvipdfm.def 2008/08/14 v6.78f Hyperref driver for dvipdfm
\pdfm@box=\box39
\HyField@AnnotCount=\count122
\Fld@listcount=\count123
)
(/usr/local/texlive/2008/texmf-dist/tex/latex/base/size11.clo
File: size11.clo 2005/09/16 v1.4f Standard LaTeX file (size option)
)
(/usr/local/texlive/2008/texmf-dist/tex/latex/beamer/beamerbasecompatibility.st
y
Package: beamerbasecompatibility 2007/01/28  (rcs-revision 1.63)
) (/usr/local/texlive/2008/texmf-dist/tex/latex/beamer/beamerbasefont.sty
Package: beamerbasefont 2007/01/28  (rcs-revision 1.16)
)
(/usr/local/texlive/2008/texmf-dist/tex/latex/beamer/beamerbasemisc.sty
Package: beamerbasemisc 2007/01/28  (rcs-revision 1.24)
)
(/usr/local/texlive/2008/texmf-dist/tex/latex/beamer/beamerbasetwoscreens.sty
Package: beamerbasetwoscreens 2007/01/28  (rcs-revision 1.7)
)
(/usr/local/texlive/2008/texmf-dist/tex/latex/beamer/beamerbaseoverlay.sty
Package: beamerbaseoverlay 2007/01/28  (rcs-revision 1.50)
\beamer@argscount=\count124
\beamer@lastskipcover=\skip42
\beamer@trivlistdepth=\count125
)
(/usr/local/texlive/2008/texmf-dist/tex/latex/beamer/beamerbasetitle.sty
Package: beamerbasetitle 2007/01/28  (rcs-revision 1.25)
)
(/usr/local/texlive/2008/texmf-dist/tex/latex/beamer/beamerbasesection.sty
Package: beamerbasesection 2007/01/28  (rcs-revision 1.21)
\c@lecture=\count126
\c@part=\count127
\c@section=\count128
\c@subsection=\count129
\c@subsubsection=\count130
)
(/usr/local/texlive/2008/texmf-dist/tex/latex/beamer/beamerbaseframe.sty
Package: beamerbaseframe 2007/01/28  (rcs-revision 1.60)
\beamer@framebox=\box40
\beamer@frametitlebox=\box41
\beamer@zoombox=\box42
\beamer@zoomcount=\count131
\beamer@zoomframecount=\count132
\beamer@frametextheight=\dimen160
\c@subsectionslide=\count133
\beamer@frametopskip=\skip43
\beamer@framebottomskip=\skip44
\beamer@frametopskipautobreak=\skip45
\beamer@framebottomskipautobreak=\skip46
\beamer@envbody=\toks22
\c@framenumber=\count134
)
(/usr/local/texlive/2008/texmf-dist/tex/latex/beamer/beamerbaseverbatim.sty
Package: beamerbaseverbatim 2007/01/28  (rcs-revision 1.8)
\beamer@verbatimfileout=\write3
)
(/usr/local/texlive/2008/texmf-dist/tex/latex/beamer/beamerbaseframesize.sty
Package: beamerbaseframesize 2007/01/28  (rcs-revision 1.18)
\beamer@splitbox=\box43
\beamer@autobreakcount=\count135
\beamer@autobreaklastheight=\dimen161
\beamer@frametitletoks=\toks23
\beamer@framesubtitletoks=\toks24
)
(/usr/local/texlive/2008/texmf-dist/tex/latex/beamer/beamerbaseframecomponents.
sty
Package: beamerbaseframecomponents 2007/01/28  (rcs-revision 1.41)
\beamer@footins=\box44
) (/usr/local/texlive/2008/texmf-dist/tex/latex/beamer/beamerbasecolor.sty
Package: beamerbasecolor 2007/01/28  (rcs-revision 1.42)
)
(/usr/local/texlive/2008/texmf-dist/tex/latex/beamer/beamerbasenotes.sty
Package: beamerbasenotes 2007/01/28  (rcs-revision 1.23)
\beamer@frameboxcopy=\box45
)
(/usr/local/texlive/2008/texmf-dist/tex/latex/beamer/beamerbasetoc.sty
Package: beamerbasetoc 2007/01/28  (rcs-revision 1.21)
)
(/usr/local/texlive/2008/texmf-dist/tex/latex/beamer/beamerbasetemplates.sty
Package: beamerbasetemplates 2007/01/28  (rcs-revision 1.51)
\beamer@sbttoks=\toks25

(/usr/local/texlive/2008/texmf-dist/tex/latex/beamer/beamerbaseauxtemplates.sty
Package: beamerbaseauxtemplates 2007/01/28  (rcs-revision 1.28)
(/usr/local/texlive/2008/texmf-dist/tex/latex/beamer/beamerbaseboxes.sty
Package: beamerbaseboxes 2007/03/11  (rcs-revision 1.32)
\bmb@box=\box46
\bmb@colorbox=\box47
\bmb@boxshadow=\box48
\bmb@boxshadowball=\box49
\bmb@boxshadowballlarge=\box50
\bmb@temp=\dimen162
\bmb@dima=\dimen163
\bmb@dimb=\dimen164
\bmb@prevheight=\dimen165
)
\beamer@blockheadheight=\dimen166
))
(/usr/local/texlive/2008/texmf-dist/tex/latex/beamer/beamerbaselocalstructure.s
ty
Package: beamerbaselocalstructure 2007/01/28  (rcs-revision 1.53)
 (/usr/local/texlive/2008/texmf-dist/tex/latex/tools/enumerate.sty
Package: enumerate 1999/03/05 v3.00 enumerate extensions (DPC)
\@enLab=\toks26
)
\c@figure=\count136
\c@table=\count137
\abovecaptionskip=\skip47
\belowcaptionskip=\skip48
)
(/usr/local/texlive/2008/texmf-dist/tex/latex/beamer/beamerbasenavigation.sty
Package: beamerbasenavigation 2007/01/28  (rcs-revision 1.36)
)
(/usr/local/texlive/2008/texmf-dist/tex/latex/beamer/beamerbasetheorems.sty
Package: beamerbasetheorems 2007/01/28  (rcs-revision 1.10)

(/usr/local/texlive/2008/texmf-dist/tex/latex/translator/translator.sty
Package: translator 2007/03/11 ver 1.00

(/usr/local/texlive/2008/texmf-dist/tex/latex/translator/translator-language-ma
ppings.tex)) (/usr/local/texlive/2008/texmf-dist/tex/latex/amsmath/amsmath.sty
Package: amsmath 2000/07/18 v2.13 AMS math features
\@mathmargin=\skip49

For additional information on amsmath, use the `?' option.
(/usr/local/texlive/2008/texmf-dist/tex/latex/amsmath/amstext.sty
Package: amstext 2000/06/29 v2.01

(/usr/local/texlive/2008/texmf-dist/tex/latex/amsmath/amsgen.sty
File: amsgen.sty 1999/11/30 v2.0
\@emptytoks=\toks27
\ex@=\dimen167
))
(/usr/local/texlive/2008/texmf-dist/tex/latex/amsmath/amsbsy.sty
Package: amsbsy 1999/11/29 v1.2d
\pmbraise@=\dimen168
)
(/usr/local/texlive/2008/texmf-dist/tex/latex/amsmath/amsopn.sty
Package: amsopn 1999/12/14 v2.01 operator names
)
\inf@bad=\count138
LaTeX Info: Redefining \frac on input line 211.
\uproot@=\count139
\leftroot@=\count140
LaTeX Info: Redefining \overline on input line 307.
\classnum@=\count141
\DOTSCASE@=\count142
LaTeX Info: Redefining \ldots on input line 379.
LaTeX Info: Redefining \dots on input line 382.
LaTeX Info: Redefining \cdots on input line 467.
\Mathstrutbox@=\box51
\strutbox@=\box52
\big@size=\dimen169
LaTeX Font Info:    Redeclaring font encoding OML on input line 567.
LaTeX Font Info:    Redeclaring font encoding OMS on input line 568.
\macc@depth=\count143
\c@MaxMatrixCols=\count144
\dotsspace@=\muskip11
\c@parentequation=\count145
\dspbrk@lvl=\count146
\tag@help=\toks28
\row@=\count147
\column@=\count148
\maxfields@=\count149
\andhelp@=\toks29
\eqnshift@=\dimen170
\alignsep@=\dimen171
\tagshift@=\dimen172
\tagwidth@=\dimen173
\totwidth@=\dimen174
\lineht@=\dimen175
\@envbody=\toks30
\multlinegap=\skip50
\multlinetaggap=\skip51
\mathdisplay@stack=\toks31
LaTeX Info: Redefining \[ on input line 2666.
LaTeX Info: Redefining \] on input line 2667.
)
(/usr/local/texlive/2008/texmf-dist/tex/latex/amscls/amsthm.sty
Package: amsthm 2004/08/06 v2.20
\thm@style=\toks32
\thm@bodyfont=\toks33
\thm@headfont=\toks34
\thm@notefont=\toks35
\thm@headpunct=\toks36
\thm@preskip=\skip52
\thm@postskip=\skip53
\thm@headsep=\skip54
\dth@everypar=\toks37
)
\c@theorem=\count150
)
(/usr/local/texlive/2008/texmf-dist/tex/latex/beamer/beamerbasethemes.sty
Package: beamerbasethemes 2007/01/28  (rcs-revision 1.10)
)
(/usr/local/texlive/2008/texmf-dist/tex/latex/beamer/themes/theme/beamerthemede
fault.sty
Package: beamerthemedefault 2007/01/28  (rcs-revision 1.7)

(/usr/local/texlive/2008/texmf-dist/tex/latex/beamer/themes/font/beamerfontthem
edefault.sty
Package: beamerfontthemedefault 2007/01/28  (rcs-revision 1.13)
)
(/usr/local/texlive/2008/texmf-dist/tex/latex/beamer/themes/color/beamercolorth
emedefault.sty
Package: beamercolorthemedefault 2007/01/28  (rcs-revision 1.28)
)
(/usr/local/texlive/2008/texmf-dist/tex/latex/beamer/themes/inner/beamerinnerth
emedefault.sty
Package: beamerinnerthemedefault 2007/01/28  (rcs-revision 1.20)
\beamer@dima=\dimen176
\beamer@dimb=\dimen177
)
(/usr/local/texlive/2008/texmf-dist/tex/latex/beamer/themes/outer/beamerouterth
emedefault.sty
Package: beamerouterthemedefault 2007/01/28  (rcs-revision 1.14)
)))
(/usr/local/texlive/2008/texmf-dist/tex/latex/beamer/themes/theme/beamerthemeWa
rsaw.sty
Package: beamerthemeWarsaw 2007/01/28  (rcs-revision 1.9)

(/usr/local/texlive/2008/texmf-dist/tex/latex/beamer/themes/inner/beamerinnerth
emerounded.sty
Package: beamerinnerthemerounded 2007/01/28  (rcs-revision 1.5)
)
(/usr/local/texlive/2008/texmf-dist/tex/latex/beamer/themes/outer/beamerouterth
emeshadow.sty
Package: beamerouterthemeshadow 2007/01/28  (rcs-revision 1.9)

(/usr/local/texlive/2008/texmf-dist/tex/latex/beamer/themes/outer/beamerouterth
emesplit.sty
Package: beamerouterthemesplit 2007/01/28  (rcs-revision 1.5)
))
(/usr/local/texlive/2008/texmf-dist/tex/latex/beamer/themes/color/beamercolorth
emeorchid.sty
Package: beamercolorthemeorchid 2007/01/28  (rcs-revision 1.3)
)
(/usr/local/texlive/2008/texmf-dist/tex/latex/beamer/themes/color/beamercolorth
emewhale.sty
Package: beamercolorthemewhale 2007/01/28  (rcs-revision 1.4)
))
(/usr/local/texlive/2008/texmf-dist/tex/xelatex/xltxtra/xltxtra.sty
Package: xltxtra 2008/07/29 v0.4 Improvements for the "XeLaTeX" format

(/usr/local/texlive/2008/texmf-dist/tex/xelatex/fontspec/fontspec.sty
Package: fontspec 2008/08/09 v1.18 Advanced font selection for XeLaTeX
\c@zf@newff=\count151
\c@zf@index=\count152
\c@zf@script=\count153
\c@zf@language=\count154

(/usr/local/texlive/2008/texmf-dist/tex/latex/tools/calc.sty
Package: calc 2005/08/06 v4.2 Infix arithmetic (KKT,FJ)
\calc@Acount=\count155
\calc@Bcount=\count156
\calc@Adimen=\dimen178
\calc@Bdimen=\dimen179
\calc@Askip=\skip55
\calc@Bskip=\skip56
LaTeX Info: Redefining \setlength on input line 75.
LaTeX Info: Redefining \addtolength on input line 76.
\calc@Ccount=\count157
\calc@Cskip=\skip57
)
(/usr/local/texlive/2008/texmf-dist/tex/latex/xkeyval/xkeyval.sty
Package: xkeyval 2008/08/13 v2.6a package option processing (HA)

(/usr/local/texlive/2008/texmf-dist/tex/generic/xkeyval/xkeyval.tex
\XKV@toks=\toks38
\XKV@tempa@toks=\toks39
\XKV@depth=\count158
File: xkeyval.tex 2008/08/13 v2.6a key=value parser (HA)
))
(/usr/local/texlive/2008/texmf-dist/tex/latex/base/fontenc.sty
Package: fontenc 2005/09/27 v1.99g Standard LaTeX package

(/usr/local/texlive/2008/texmf-dist/tex/xelatex/euenc/eu1enc.def
File: eu1enc.def 2008/03/08 v0.1d Experimental unicode font encoding
)
LaTeX Font Info:    Try loading font information for EU1+lmr on input line 100.


(/usr/local/texlive/2008/texmf-dist/tex/xelatex/euenc/eu1lmr.fd
File: eu1lmr.fd 2007/01/14 v1.3 Font defs for Latin Modern
))
LaTeX Info: Redefining \itshape on input line 1163.
LaTeX Info: Redefining \slshape on input line 1166.
LaTeX Info: Redefining \scshape on input line 1169.
LaTeX Info: Redefining \upshape on input line 1172.

fontspec.cfg loaded.
(/usr/local/texlive/2008/texmf-dist/tex/xelatex/fontspec/fontspec.cfg))
(/usr/local/texlive/2008/texmf-dist/tex/xelatex/xunicode/xunicode.sty
File: xunicode.sty 2008/02/08 v0.91 provides access to latin accents and many o
ther characters in Unicode lower plane
)
LaTeX Info: Redefining \TeX on input line 42.
LaTeX Info: Redefining \LaTeX on input line 48.

(/usr/local/texlive/2008/texmf-dist/tex/latex/etex-pkg/etex.sty
Package: etex 1998/03/26 v2.0 eTeX basic definition package (PEB)
\et@xins=\count159
)
(/usr/local/texlive/2008/texmf-dist/tex/latex/base/fixltx2e.sty
Package: fixltx2e 2006/03/24 v1.1n fixes to LaTeX
LaTeX Info: Redefining \em on input line 420.
LaTeX Info: The control sequence `\[' is already robust on input line 471.
LaTeX Info: The control sequence `\]' is already robust on input line 472.
)
LaTeX Info: Redefining \em on input line 117.
LaTeX Info: Redefining \emph on input line 126.
LaTeX Info: Redefining \- on input line 131.
LaTeX Info: Redefining \textsubscript on input line 150.
LaTeX Info: Redefining \textsuperscript on input line 152.
\xxt@tempbox=\box53
)
(/usr/local/texlive/2008/../texmf-local/tex/xelatex/zhspacing/zhfont.sty
Package: zhfont 2007/12/11

(/usr/local/texlive/2008/../texmf-local/tex/xelatex/zhspacing/zhspacing.sty
(/usr/local/texlive/2008/../texmf-local/tex/xelatex/zhspacing/usefulmacros.sty)
Package: zhspacing 2007/12/11
(/usr/local/texlive/2008/../texmf-local/tex/xelatex/zhspacing/myclass.sty
(/usr/local/texlive/2008/../texmf-local/tex/xelatex/zhspacing/usefulmacros.sty)
)
\@@interclasstoks@boundary@boundary=\toks40
\@@interclasstoks@halfwidth@boundary=\toks41
\@@interclasstoks@boundary@halfwidth=\toks42
\@@interclasstoks@halfwidth@halfwidth=\toks43
\@@interclasstoks@fullwidth@boundary=\toks44
\@@interclasstoks@boundary@fullwidth=\toks45
\@@interclasstoks@fullwidth@halfwidth=\toks46
\@@interclasstoks@halfwidth@fullwidth=\toks47
\@@interclasstoks@fullwidth@fullwidth=\toks48
\@@interclasstoks@alphanum@boundary=\toks49
\@@interclasstoks@boundary@alphanum=\toks50
\@@interclasstoks@alphanum@halfwidth=\toks51
\@@interclasstoks@halfwidth@alphanum=\toks52
\@@interclasstoks@alphanum@fullwidth=\toks53
\@@interclasstoks@fullwidth@alphanum=\toks54
\@@interclasstoks@alphanum@alphanum=\toks55
\@@interclasstoks@hanzi@boundary=\toks56
\@@interclasstoks@boundary@hanzi=\toks57
\@@interclasstoks@hanzi@halfwidth=\toks58
\@@interclasstoks@halfwidth@hanzi=\toks59
\@@interclasstoks@hanzi@fullwidth=\toks60
\@@interclasstoks@fullwidth@hanzi=\toks61
\@@interclasstoks@hanzi@alphanum=\toks62
\@@interclasstoks@alphanum@hanzi=\toks63
\@@interclasstoks@hanzi@hanzi=\toks64
\@@interclasstoks@openfw@boundary=\toks65
\@@interclasstoks@boundary@openfw=\toks66
\@@interclasstoks@openfw@halfwidth=\toks67
\@@interclasstoks@halfwidth@openfw=\toks68
\@@interclasstoks@openfw@fullwidth=\toks69
\@@interclasstoks@fullwidth@openfw=\toks70
\@@interclasstoks@openfw@alphanum=\toks71
\@@interclasstoks@alphanum@openfw=\toks72
\@@interclasstoks@openfw@hanzi=\toks73
\@@interclasstoks@hanzi@openfw=\toks74
\@@interclasstoks@openfw@openfw=\toks75
\@@interclasstoks@closefw@boundary=\toks76
\@@interclasstoks@boundary@closefw=\toks77
\@@interclasstoks@closefw@halfwidth=\toks78
\@@interclasstoks@halfwidth@closefw=\toks79
\@@interclasstoks@closefw@fullwidth=\toks80
\@@interclasstoks@fullwidth@closefw=\toks81
\@@interclasstoks@closefw@alphanum=\toks82
\@@interclasstoks@alphanum@closefw=\toks83
\@@interclasstoks@closefw@hanzi=\toks84
\@@interclasstoks@hanzi@closefw=\toks85
\@@interclasstoks@closefw@openfw=\toks86
\@@interclasstoks@openfw@closefw=\toks87
\@@interclasstoks@closefw@closefw=\toks88
\@@interclasstoks@halfstop@boundary=\toks89
\@@interclasstoks@boundary@halfstop=\toks90
\@@interclasstoks@halfstop@halfwidth=\toks91
\@@interclasstoks@halfwidth@halfstop=\toks92
\@@interclasstoks@halfstop@fullwidth=\toks93
\@@interclasstoks@fullwidth@halfstop=\toks94
\@@interclasstoks@halfstop@alphanum=\toks95
\@@interclasstoks@alphanum@halfstop=\toks96
\@@interclasstoks@halfstop@hanzi=\toks97
\@@interclasstoks@hanzi@halfstop=\toks98
\@@interclasstoks@halfstop@openfw=\toks99
\@@interclasstoks@openfw@halfstop=\toks100
\@@interclasstoks@halfstop@closefw=\toks101
\@@interclasstoks@closefw@halfstop=\toks102
\@@interclasstoks@halfstop@halfstop=\toks103
\@@interclasstoks@fullstop@boundary=\toks104
\@@interclasstoks@boundary@fullstop=\toks105
\@@interclasstoks@fullstop@halfwidth=\toks106
\@@interclasstoks@halfwidth@fullstop=\toks107
\@@interclasstoks@fullstop@fullwidth=\toks108
\@@interclasstoks@fullwidth@fullstop=\toks109
\@@interclasstoks@fullstop@alphanum=\toks110
\@@interclasstoks@alphanum@fullstop=\toks111
\@@interclasstoks@fullstop@hanzi=\toks112
\@@interclasstoks@hanzi@fullstop=\toks113
\@@interclasstoks@fullstop@openfw=\toks114
\@@interclasstoks@openfw@fullstop=\toks115
\@@interclasstoks@fullstop@closefw=\toks116
\@@interclasstoks@closefw@fullstop=\toks117
\@@interclasstoks@fullstop@halfstop=\toks118
\@@interclasstoks@halfstop@fullstop=\toks119
\@@interclasstoks@fullstop@fullstop=\toks120
\@@interclasstoks@fwpunct@boundary=\toks121
\@@interclasstoks@boundary@fwpunct=\toks122
\@@interclasstoks@fwpunct@halfwidth=\toks123
\@@interclasstoks@halfwidth@fwpunct=\toks124
\@@interclasstoks@fwpunct@fullwidth=\toks125
\@@interclasstoks@fullwidth@fwpunct=\toks126
\@@interclasstoks@fwpunct@alphanum=\toks127
\@@interclasstoks@alphanum@fwpunct=\toks128
\@@interclasstoks@fwpunct@hanzi=\toks129
\@@interclasstoks@hanzi@fwpunct=\toks130
\@@interclasstoks@fwpunct@openfw=\toks131
\@@interclasstoks@openfw@fwpunct=\toks132
\@@interclasstoks@fwpunct@closefw=\toks133
\@@interclasstoks@closefw@fwpunct=\toks134
\@@interclasstoks@fwpunct@halfstop=\toks135
\@@interclasstoks@halfstop@fwpunct=\toks136
\@@interclasstoks@fwpunct@fullstop=\toks137
\@@interclasstoks@fullstop@fwpunct=\toks138
\@@interclasstoks@fwpunct@fwpunct=\toks139
\@@interclasstoks@cjkexta@boundary=\toks140
\@@interclasstoks@boundary@cjkexta=\toks141
\@@interclasstoks@cjkexta@halfwidth=\toks142
\@@interclasstoks@halfwidth@cjkexta=\toks143
\@@interclasstoks@cjkexta@fullwidth=\toks144
\@@interclasstoks@fullwidth@cjkexta=\toks145
\@@interclasstoks@cjkexta@alphanum=\toks146
\@@interclasstoks@alphanum@cjkexta=\toks147
\@@interclasstoks@cjkexta@hanzi=\toks148
\@@interclasstoks@hanzi@cjkexta=\toks149
\@@interclasstoks@cjkexta@openfw=\toks150
\@@interclasstoks@openfw@cjkexta=\toks151
\@@interclasstoks@cjkexta@closefw=\toks152
\@@interclasstoks@closefw@cjkexta=\toks153
\@@interclasstoks@cjkexta@halfstop=\toks154
\@@interclasstoks@halfstop@cjkexta=\toks155
\@@interclasstoks@cjkexta@fullstop=\toks156
\@@interclasstoks@fullstop@cjkexta=\toks157
\@@interclasstoks@cjkexta@fwpunct=\toks158
\@@interclasstoks@fwpunct@cjkexta=\toks159
\@@interclasstoks@cjkexta@cjkexta=\toks160
\@@interclasstoks@cjkextb@boundary=\toks161
\@@interclasstoks@boundary@cjkextb=\toks162
\@@interclasstoks@cjkextb@halfwidth=\toks163
\@@interclasstoks@halfwidth@cjkextb=\toks164
\@@interclasstoks@cjkextb@fullwidth=\toks165
\@@interclasstoks@fullwidth@cjkextb=\toks166
\@@interclasstoks@cjkextb@alphanum=\toks167
\@@interclasstoks@alphanum@cjkextb=\toks168
\@@interclasstoks@cjkextb@hanzi=\toks169
\@@interclasstoks@hanzi@cjkextb=\toks170
\@@interclasstoks@cjkextb@openfw=\toks171
\@@interclasstoks@openfw@cjkextb=\toks172
\@@interclasstoks@cjkextb@closefw=\toks173
\@@interclasstoks@closefw@cjkextb=\toks174
\@@interclasstoks@cjkextb@halfstop=\toks175
\@@interclasstoks@halfstop@cjkextb=\toks176
\@@interclasstoks@cjkextb@fullstop=\toks177
\@@interclasstoks@fullstop@cjkextb=\toks178
\@@interclasstoks@cjkextb@fwpunct=\toks179
\@@interclasstoks@fwpunct@cjkextb=\toks180
\@@interclasstoks@cjkextb@cjkexta=\toks181
\@@interclasstoks@cjkexta@cjkextb=\toks182
\@@interclasstoks@cjkextb@cjkextb=\toks183
\n=\count160
\@@interclasstoks@longpunct@boundary=\toks184
\@@interclasstoks@boundary@longpunct=\toks185
\@@interclasstoks@longpunct@halfwidth=\toks186
\@@interclasstoks@halfwidth@longpunct=\toks187
\@@interclasstoks@longpunct@fullwidth=\toks188
\@@interclasstoks@fullwidth@longpunct=\toks189
\@@interclasstoks@longpunct@alphanum=\toks190
\@@interclasstoks@alphanum@longpunct=\toks191
\@@interclasstoks@longpunct@hanzi=\toks192
\@@interclasstoks@hanzi@longpunct=\toks193
\@@interclasstoks@longpunct@openfw=\toks194
\@@interclasstoks@openfw@longpunct=\toks195
\@@interclasstoks@longpunct@closefw=\toks196
\@@interclasstoks@closefw@longpunct=\toks197
\@@interclasstoks@longpunct@halfstop=\toks198
\@@interclasstoks@halfstop@longpunct=\toks199
\@@interclasstoks@longpunct@fullstop=\toks200
\@@interclasstoks@fullstop@longpunct=\toks201
\@@interclasstoks@longpunct@fwpunct=\toks202
\@@interclasstoks@fwpunct@longpunct=\toks203
\@@interclasstoks@longpunct@cjkexta=\toks204
\@@interclasstoks@cjkexta@longpunct=\toks205
\@@interclasstoks@longpunct@cjkextb=\toks206
\@@interclasstoks@cjkextb@longpunct=\toks207
\@@interclasstoks@longpunct@longpunct=\toks208
\@@interclasstoks@hwpunct@boundary=\toks209
\@@interclasstoks@boundary@hwpunct=\toks210
\@@interclasstoks@hwpunct@halfwidth=\toks211
\@@interclasstoks@halfwidth@hwpunct=\toks212
\@@interclasstoks@hwpunct@fullwidth=\toks213
\@@interclasstoks@fullwidth@hwpunct=\toks214
\@@interclasstoks@hwpunct@alphanum=\toks215
\@@interclasstoks@alphanum@hwpunct=\toks216
\@@interclasstoks@hwpunct@hanzi=\toks217
\@@interclasstoks@hanzi@hwpunct=\toks218
\@@interclasstoks@hwpunct@openfw=\toks219
\@@interclasstoks@openfw@hwpunct=\toks220
\@@interclasstoks@hwpunct@closefw=\toks221
\@@interclasstoks@closefw@hwpunct=\toks222
\@@interclasstoks@hwpunct@halfstop=\toks223
\@@interclasstoks@halfstop@hwpunct=\toks224
\@@interclasstoks@hwpunct@fullstop=\toks225
\@@interclasstoks@fullstop@hwpunct=\toks226
\@@interclasstoks@hwpunct@fwpunct=\toks227
\@@interclasstoks@fwpunct@hwpunct=\toks228
\@@interclasstoks@hwpunct@cjkexta=\toks229
\@@interclasstoks@cjkexta@hwpunct=\toks230
\@@interclasstoks@hwpunct@cjkextb=\toks231
\@@interclasstoks@cjkextb@hwpunct=\toks232
\@@interclasstoks@hwpunct@longpunct=\toks233
\@@interclasstoks@longpunct@hwpunct=\toks234
\@@interclasstoks@hwpunct@hwpunct=\toks235
\c@zf@famc@SimSun=\count161
Package fontspec Info: Defining font family for 'SimSun' with options [BoldFont
=SimHei] on input line 551.
Package fontspec Info: Could not resolve font SimSun/I (it might not exist) on 
input line 551.
Package fontspec Info: Could not resolve font SimHei/I (it might not exist) on 
input line 551.
Package fontspec Info: Defining font family for 'SimSun' with options [] on inp
ut line 552.
Package fontspec Info: Could not resolve font SimSun/B (it might not exist) on 
input line 552.
Package fontspec Info: Could not resolve font SimSun/I (it might not exist) on 
input line 552.
Package fontspec Info: Could not resolve font SimSun/BI (it might not exist) on
 input line 552.
)
Package fontspec Info: Defining font family for 'SimSun' with options [BoldFont
=SimHei,ItalicFont=SimSun,ItalicFeatures={RawFeature={slant=0.17}},BoldItalicFo
nt=SimHei,BoldItalicFeatures={RawFeature={slant=0.17}}] on input line 64.
\c@zf@famc@SimHei=\count162
Package fontspec Info: Defining font family for 'SimHei' with options [ItalicFo
nt=SimHei,ItalicFeatures={RawFeature={slant=0.17}},BoldItalicFont=SimHei,BoldIt
alicFeatures={RawFeature={slant=0.17}}] on input line 65.
Package fontspec Info: Could not resolve font SimHei/B (it might not exist) on 
input line 65.
\c@zf@famc@FangSong=\count163
Package fontspec Info: Defining font family for 'FangSong' with options [BoldFo
nt=STKaiTi,ItalicFont=FangSong,ItalicFeatures={RawFeature={slant=0.17}},BoldIta
licFont=STKaiTi,BoldItalicFeatures={RawFeature={slant=0.17}}] on input line 66.


! Font \@tempfontb=STKaiTi/ICU at 10.0pt not loadable: Metric (TFM) file or ins
talled font not found.
\\zf@make@font@shapes ...f@suffix " at \f@size pt 
                                                  \edef \@tempb {\fontname \...
l.66 ...thslantandbold\zhttfont{FangSong}{STKaiTi}
                                                  
? 
! Cannot use \XeTeXOTcountfeatures with nullfont; not an OpenType Layout font.
\zf@check@ot@feat ...OTcountfeatures \zf@basefont 
                                                  \c@zf@script \c@zf@languag...
l.66 ...thslantandbold\zhttfont{FangSong}{STKaiTi}
                                                  
? 
! Interruption.
<to be read again> 
                   \c@zf@script 
l.66 ...thslantandbold\zhttfont{FangSong}{STKaiTi}
                                                  
? q
OK, entering \batchmode...
! Cannot use \XeTeXOTfeaturetag with nullfont; not an OpenType Layout font.
\iterate ...ifnum \XeTeXOTfeaturetag \zf@basefont 
                                                  \c@zf@script \c@zf@languag...
l.66 ...thslantandbold\zhttfont{FangSong}{STKaiTi}
                                                  
You rang?
Try to insert some instructions for me (e.g.,`I\showlists'),
unless you just want to quit by typing `X'.

! Missing = inserted for \ifnum.
<to be read again> 
                   \c@zf@script 
l.66 ...thslantandbold\zhttfont{FangSong}{STKaiTi}
                                                  
I was expecting to see `<', `=', or `>'. Didn't.

! Cannot use \XeTeXOTfeaturetag with nullfont; not an OpenType Layout font.
\iterate ...ifnum \XeTeXOTfeaturetag \zf@basefont 
                                                  \c@zf@script \c@zf@languag...
l.66 ...thslantandbold\zhttfont{FangSong}{STKaiTi}
                                                  

! Missing = inserted for \ifnum.
<to be read again> 
                   \c@zf@script 
l.66 ...thslantandbold\zhttfont{FangSong}{STKaiTi}
                                                  
I was expecting to see `<', `=', or `>'. Didn't.

! Cannot use \XeTeXOTfeaturetag with nullfont; not an OpenType Layout font.
\iterate ...ifnum \XeTeXOTfeaturetag \zf@basefont 
                                                  \c@zf@script \c@zf@languag...
l.66 ...thslantandbold\zhttfont{FangSong}{STKaiTi}
                                                  

! Missing = inserted for \ifnum.
<to be read again> 
                   \c@zf@script 
l.66 ...thslantandbold\zhttfont{FangSong}{STKaiTi}
                                                  
I was expecting to see `<', `=', or `>'. Didn't.

! Cannot use \XeTeXOTfeaturetag with nullfont; not an OpenType Layout font.
\iterate ...ifnum \XeTeXOTfeaturetag \zf@basefont 
                                                  \c@zf@script \c@zf@languag...
l.66 ...thslantandbold\zhttfont{FangSong}{STKaiTi}
                                                  

! Missing = inserted for \ifnum.
<to be read again> 
                   \c@zf@script 
l.66 ...thslantandbold\zhttfont{FangSong}{STKaiTi}
                                                  
I was expecting to see `<', `=', or `>'. Didn't.

! Cannot use \XeTeXOTfeaturetag with nullfont; not an OpenType Layout font.
\iterate ...ifnum \XeTeXOTfeaturetag \zf@basefont 
                                                  \c@zf@script \c@zf@languag...
l.66 ...thslantandbold\zhttfont{FangSong}{STKaiTi}
                                                  

! Missing = inserted for \ifnum.
<to be read again> 
                   \c@zf@script 
l.66 ...thslantandbold\zhttfont{FangSong}{STKaiTi}
                                                  
I was expecting to see `<', `=', or `>'. Didn't.

! Cannot use \XeTeXOTfeaturetag with nullfont; not an OpenType Layout font.
\iterate ...ifnum \XeTeXOTfeaturetag \zf@basefont 
                                                  \c@zf@script \c@zf@languag...
l.66 ...thslantandbold\zhttfont{FangSong}{STKaiTi}
                                                  

! Missing = inserted for \ifnum.
<to be read again> 
                   \c@zf@script 
l.66 ...thslantandbold\zhttfont{FangSong}{STKaiTi}
                                                  
I was expecting to see `<', `=', or `>'. Didn't.

! Cannot use \XeTeXOTfeaturetag with nullfont; not an OpenType Layout font.
\iterate ...ifnum \XeTeXOTfeaturetag \zf@basefont 
                                                  \c@zf@script \c@zf@languag...
l.66 ...thslantandbold\zhttfont{FangSong}{STKaiTi}
                                                  

! Missing = inserted for \ifnum.
<to be read again> 
                   \c@zf@script 
l.66 ...thslantandbold\zhttfont{FangSong}{STKaiTi}
                                                  
I was expecting to see `<', `=', or `>'. Didn't.

! Cannot use \XeTeXOTfeaturetag with nullfont; not an OpenType Layout font.
\iterate ...ifnum \XeTeXOTfeaturetag \zf@basefont 
                                                  \c@zf@script \c@zf@languag...
l.66 ...thslantandbold\zhttfont{FangSong}{STKaiTi}
                                                  

! Missing = inserted for \ifnum.
<to be read again> 
                   \c@zf@script 
l.66 ...thslantandbold\zhttfont{FangSong}{STKaiTi}
                                                  
I was expecting to see `<', `=', or `>'. Didn't.

! Cannot use \XeTeXOTfeaturetag with nullfont; not an OpenType Layout font.
\iterate ...ifnum \XeTeXOTfeaturetag \zf@basefont 
                                                  \c@zf@script \c@zf@languag...
l.66 ...thslantandbold\zhttfont{FangSong}{STKaiTi}
                                                  

! Missing = inserted for \ifnum.
<to be read again> 
                   \c@zf@script 
l.66 ...thslantandbold\zhttfont{FangSong}{STKaiTi}
                                                  
I was expecting to see `<', `=', or `>'. Didn't.

! Cannot use \XeTeXOTfeaturetag with nullfont; not an OpenType Layout font.
\iterate ...ifnum \XeTeXOTfeaturetag \zf@basefont 
                                                  \c@zf@script \c@zf@languag...
l.66 ...thslantandbold\zhttfont{FangSong}{STKaiTi}
                                                  

! Missing = inserted for \ifnum.
<to be read again> 
                   \c@zf@script 
l.66 ...thslantandbold\zhttfont{FangSong}{STKaiTi}
                                                  
I was expecting to see `<', `=', or `>'. Didn't.

! Cannot use \XeTeXOTfeaturetag with nullfont; not an OpenType Layout font.
\iterate ...ifnum \XeTeXOTfeaturetag \zf@basefont 
                                                  \c@zf@script \c@zf@languag...
l.66 ...thslantandbold\zhttfont{FangSong}{STKaiTi}
                                                  

! Missing = inserted for \ifnum.
<to be read again> 
                   \c@zf@script 
l.66 ...thslantandbold\zhttfont{FangSong}{STKaiTi}
                                                  
I was expecting to see `<', `=', or `>'. Didn't.

! Cannot use \XeTeXOTfeaturetag with nullfont; not an OpenType Layout font.
\iterate ...ifnum \XeTeXOTfeaturetag \zf@basefont 
                                                  \c@zf@script \c@zf@languag...
l.66 ...thslantandbold\zhttfont{FangSong}{STKaiTi}
                                                  

! Missing = inserted for \ifnum.
<to be read again> 
                   \c@zf@script 
l.66 ...thslantandbold\zhttfont{FangSong}{STKaiTi}
                                                  
I was expecting to see `<', `=', or `>'. Didn't.

! Cannot use \XeTeXOTfeaturetag with nullfont; not an OpenType Layout font.
\iterate ...ifnum \XeTeXOTfeaturetag \zf@basefont 
                                                  \c@zf@script \c@zf@languag...
l.66 ...thslantandbold\zhttfont{FangSong}{STKaiTi}
                                                  

! Missing = inserted for \ifnum.
<to be read again> 
                   \c@zf@script 
l.66 ...thslantandbold\zhttfont{FangSong}{STKaiTi}
                                                  
I was expecting to see `<', `=', or `>'. Didn't.

! Cannot use \XeTeXOTfeaturetag with nullfont; not an OpenType Layout font.
\iterate ...ifnum \XeTeXOTfeaturetag \zf@basefont 
                                                  \c@zf@script \c@zf@languag...
l.66 ...thslantandbold\zhttfont{FangSong}{STKaiTi}
                                                  

! Missing = inserted for \ifnum.
<to be read again> 
                   \c@zf@script 
l.66 ...thslantandbold\zhttfont{FangSong}{STKaiTi}
                                                  
I was expecting to see `<', `=', or `>'. Didn't.

! Cannot use \XeTeXOTfeaturetag with nullfont; not an OpenType Layout font.
\iterate ...ifnum \XeTeXOTfeaturetag \zf@basefont 
                                                  \c@zf@script \c@zf@languag...
l.66 ...thslantandbold\zhttfont{FangSong}{STKaiTi}
                                                  

! Missing = inserted for \ifnum.
<to be read again> 
                   \c@zf@script 
l.66 ...thslantandbold\zhttfont{FangSong}{STKaiTi}
                                                  
I was expecting to see `<', `=', or `>'. Didn't.

! Cannot use \XeTeXOTfeaturetag with nullfont; not an OpenType Layout font.
\iterate ...ifnum \XeTeXOTfeaturetag \zf@basefont 
                                                  \c@zf@script \c@zf@languag...
l.66 ...thslantandbold\zhttfont{FangSong}{STKaiTi}
                                                  

! Missing = inserted for \ifnum.
<to be read again> 
                   \c@zf@script 
l.66 ...thslantandbold\zhttfont{FangSong}{STKaiTi}
                                                  
I was expecting to see `<', `=', or `>'. Didn't.

! Cannot use \XeTeXOTfeaturetag with nullfont; not an OpenType Layout font.
\iterate ...ifnum \XeTeXOTfeaturetag \zf@basefont 
                                                  \c@zf@script \c@zf@languag...
l.66 ...thslantandbold\zhttfont{FangSong}{STKaiTi}
                                                  

! Missing = inserted for \ifnum.
<to be read again> 
                   \c@zf@script 
l.66 ...thslantandbold\zhttfont{FangSong}{STKaiTi}
                                                  
I was expecting to see `<', `=', or `>'. Didn't.

! Cannot use \XeTeXOTfeaturetag with nullfont; not an OpenType Layout font.
\iterate ...ifnum \XeTeXOTfeaturetag \zf@basefont 
                                                  \c@zf@script \c@zf@languag...
l.66 ...thslantandbold\zhttfont{FangSong}{STKaiTi}
                                                  

! Missing = inserted for \ifnum.
<to be read again> 
                   \c@zf@script 
l.66 ...thslantandbold\zhttfont{FangSong}{STKaiTi}
                                                  
I was expecting to see `<', `=', or `>'. Didn't.

! Cannot use \XeTeXOTfeaturetag with nullfont; not an OpenType Layout font.
\iterate ...ifnum \XeTeXOTfeaturetag \zf@basefont 
                                                  \c@zf@script \c@zf@languag...
l.66 ...thslantandbold\zhttfont{FangSong}{STKaiTi}
                                                  

! Missing = inserted for \ifnum.
<to be read again> 
                   \c@zf@script 
l.66 ...thslantandbold\zhttfont{FangSong}{STKaiTi}
                                                  
I was expecting to see `<', `=', or `>'. Didn't.

! Cannot use \XeTeXOTfeaturetag with nullfont; not an OpenType Layout font.
\iterate ...ifnum \XeTeXOTfeaturetag \zf@basefont 
                                                  \c@zf@script \c@zf@languag...
l.66 ...thslantandbold\zhttfont{FangSong}{STKaiTi}
                                                  

! Missing = inserted for \ifnum.
<to be read again> 
                   \c@zf@script 
l.66 ...thslantandbold\zhttfont{FangSong}{STKaiTi}
                                                  
I was expecting to see `<', `=', or `>'. Didn't.

! Cannot use \XeTeXOTfeaturetag with nullfont; not an OpenType Layout font.
\iterate ...ifnum \XeTeXOTfeaturetag \zf@basefont 
                                                  \c@zf@script \c@zf@languag...
l.66 ...thslantandbold\zhttfont{FangSong}{STKaiTi}
                                                  

! Missing = inserted for \ifnum.
<to be read again> 
                   \c@zf@script 
l.66 ...thslantandbold\zhttfont{FangSong}{STKaiTi}
                                                  
I was expecting to see `<', `=', or `>'. Didn't.

! Cannot use \XeTeXOTfeaturetag with nullfont; not an OpenType Layout font.
\iterate ...ifnum \XeTeXOTfeaturetag \zf@basefont 
                                                  \c@zf@script \c@zf@languag...
l.66 ...thslantandbold\zhttfont{FangSong}{STKaiTi}
                                                  

! Missing = inserted for \ifnum.
<to be read again> 
                   \c@zf@script 
l.66 ...thslantandbold\zhttfont{FangSong}{STKaiTi}
                                                  
I was expecting to see `<', `=', or `>'. Didn't.

! Cannot use \XeTeXOTfeaturetag with nullfont; not an OpenType Layout font.
\iterate ...ifnum \XeTeXOTfeaturetag \zf@basefont 
                                                  \c@zf@script \c@zf@languag...
l.66 ...thslantandbold\zhttfont{FangSong}{STKaiTi}
                                                  

! Missing = inserted for \ifnum.
<to be read again> 
                   \c@zf@script 
l.66 ...thslantandbold\zhttfont{FangSong}{STKaiTi}
                                                  
I was expecting to see `<', `=', or `>'. Didn't.

! Cannot use \XeTeXOTfeaturetag with nullfont; not an OpenType Layout font.
\iterate ...ifnum \XeTeXOTfeaturetag \zf@basefont 
                                                  \c@zf@script \c@zf@languag...
l.66 ...thslantandbold\zhttfont{FangSong}{STKaiTi}
                                                  

! Missing = inserted for \ifnum.
<to be read again> 
                   \c@zf@script 
l.66 ...thslantandbold\zhttfont{FangSong}{STKaiTi}
                                                  
I was expecting to see `<', `=', or `>'. Didn't.

! Cannot use \XeTeXOTfeaturetag with nullfont; not an OpenType Layout font.
\iterate ...ifnum \XeTeXOTfeaturetag \zf@basefont 
                                                  \c@zf@script \c@zf@languag...
l.66 ...thslantandbold\zhttfont{FangSong}{STKaiTi}
                                                  

! Missing = inserted for \ifnum.
<to be read again> 
                   \c@zf@script 
l.66 ...thslantandbold\zhttfont{FangSong}{STKaiTi}
                                                  
I was expecting to see `<', `=', or `>'. Didn't.

! Cannot use \XeTeXOTfeaturetag with nullfont; not an OpenType Layout font.
\iterate ...ifnum \XeTeXOTfeaturetag \zf@basefont 
                                                  \c@zf@script \c@zf@languag...
l.66 ...thslantandbold\zhttfont{FangSong}{STKaiTi}
                                                  

! Missing = inserted for \ifnum.
<to be read again> 
                   \c@zf@script 
l.66 ...thslantandbold\zhttfont{FangSong}{STKaiTi}
                                                  
I was expecting to see `<', `=', or `>'. Didn't.

! Cannot use \XeTeXOTfeaturetag with nullfont; not an OpenType Layout font.
\iterate ...ifnum \XeTeXOTfeaturetag \zf@basefont 
                                                  \c@zf@script \c@zf@languag...
l.66 ...thslantandbold\zhttfont{FangSong}{STKaiTi}
                                                  

! Missing = inserted for \ifnum.
<to be read again> 
                   \c@zf@script 
l.66 ...thslantandbold\zhttfont{FangSong}{STKaiTi}
                                                  
I was expecting to see `<', `=', or `>'. Didn't.

! Cannot use \XeTeXOTfeaturetag with nullfont; not an OpenType Layout font.
\iterate ...ifnum \XeTeXOTfeaturetag \zf@basefont 
                                                  \c@zf@script \c@zf@languag...
l.66 ...thslantandbold\zhttfont{FangSong}{STKaiTi}
                                                  

! Missing = inserted for \ifnum.
<to be read again> 
                   \c@zf@script 
l.66 ...thslantandbold\zhttfont{FangSong}{STKaiTi}
                                                  
I was expecting to see `<', `=', or `>'. Didn't.

! Cannot use \XeTeXOTfeaturetag with nullfont; not an OpenType Layout font.
\iterate ...ifnum \XeTeXOTfeaturetag \zf@basefont 
                                                  \c@zf@script \c@zf@languag...
l.66 ...thslantandbold\zhttfont{FangSong}{STKaiTi}
                                                  

! Missing = inserted for \ifnum.
<to be read again> 
                   \c@zf@script 
l.66 ...thslantandbold\zhttfont{FangSong}{STKaiTi}
                                                  
I was expecting to see `<', `=', or `>'. Didn't.

! Cannot use \XeTeXOTfeaturetag with nullfont; not an OpenType Layout font.
\iterate ...ifnum \XeTeXOTfeaturetag \zf@basefont 
                                                  \c@zf@script \c@zf@languag...
l.66 ...thslantandbold\zhttfont{FangSong}{STKaiTi}
                                                  

! Missing = inserted for \ifnum.
<to be read again> 
                   \c@zf@script 
l.66 ...thslantandbold\zhttfont{FangSong}{STKaiTi}
                                                  
I was expecting to see `<', `=', or `>'. Didn't.

! Cannot use \XeTeXOTfeaturetag with nullfont; not an OpenType Layout font.
\iterate ...ifnum \XeTeXOTfeaturetag \zf@basefont 
                                                  \c@zf@script \c@zf@languag...
l.66 ...thslantandbold\zhttfont{FangSong}{STKaiTi}
                                                  

! Missing = inserted for \ifnum.
<to be read again> 
                   \c@zf@script 
l.66 ...thslantandbold\zhttfont{FangSong}{STKaiTi}
                                                  
I was expecting to see `<', `=', or `>'. Didn't.

! Cannot use \XeTeXOTfeaturetag with nullfont; not an OpenType Layout font.
\iterate ...ifnum \XeTeXOTfeaturetag \zf@basefont 
                                                  \c@zf@script \c@zf@languag...
l.66 ...thslantandbold\zhttfont{FangSong}{STKaiTi}
                                                  

! Missing = inserted for \ifnum.
<to be read again> 
                   \c@zf@script 
l.66 ...thslantandbold\zhttfont{FangSong}{STKaiTi}
                                                  
I was expecting to see `<', `=', or `>'. Didn't.

! Cannot use \XeTeXOTfeaturetag with nullfont; not an OpenType Layout font.
\iterate ...ifnum \XeTeXOTfeaturetag \zf@basefont 
                                                  \c@zf@script \c@zf@languag...
l.66 ...thslantandbold\zhttfont{FangSong}{STKaiTi}
                                                  

! Missing = inserted for \ifnum.
<to be read again> 
                   \c@zf@script 
l.66 ...thslantandbold\zhttfont{FangSong}{STKaiTi}
                                                  
I was expecting to see `<', `=', or `>'. Didn't.

! Cannot use \XeTeXOTfeaturetag with nullfont; not an OpenType Layout font.
\iterate ...ifnum \XeTeXOTfeaturetag \zf@basefont 
                                                  \c@zf@script \c@zf@languag...
l.66 ...thslantandbold\zhttfont{FangSong}{STKaiTi}
                                                  

! Missing = inserted for \ifnum.
<to be read again> 
                   \c@zf@script 
l.66 ...thslantandbold\zhttfont{FangSong}{STKaiTi}
                                                  
I was expecting to see `<', `=', or `>'. Didn't.

! Cannot use \XeTeXOTfeaturetag with nullfont; not an OpenType Layout font.
\iterate ...ifnum \XeTeXOTfeaturetag \zf@basefont 
                                                  \c@zf@script \c@zf@languag...
l.66 ...thslantandbold\zhttfont{FangSong}{STKaiTi}
                                                  

! Missing = inserted for \ifnum.
<to be read again> 
                   \c@zf@script 
l.66 ...thslantandbold\zhttfont{FangSong}{STKaiTi}
                                                  
I was expecting to see `<', `=', or `>'. Didn't.

! Cannot use \XeTeXOTfeaturetag with nullfont; not an OpenType Layout font.
\iterate ...ifnum \XeTeXOTfeaturetag \zf@basefont 
                                                  \c@zf@script \c@zf@languag...
l.66 ...thslantandbold\zhttfont{FangSong}{STKaiTi}
                                                  

! Missing = inserted for \ifnum.
<to be read again> 
                   \c@zf@script 
l.66 ...thslantandbold\zhttfont{FangSong}{STKaiTi}
                                                  
I was expecting to see `<', `=', or `>'. Didn't.

! Cannot use \XeTeXOTfeaturetag with nullfont; not an OpenType Layout font.
\iterate ...ifnum \XeTeXOTfeaturetag \zf@basefont 
                                                  \c@zf@script \c@zf@languag...
l.66 ...thslantandbold\zhttfont{FangSong}{STKaiTi}
                                                  

! Missing = inserted for \ifnum.
<to be read again> 
                   \c@zf@script 
l.66 ...thslantandbold\zhttfont{FangSong}{STKaiTi}
                                                  
I was expecting to see `<', `=', or `>'. Didn't.

! Cannot use \XeTeXOTfeaturetag with nullfont; not an OpenType Layout font.
\iterate ...ifnum \XeTeXOTfeaturetag \zf@basefont 
                                                  \c@zf@script \c@zf@languag...
l.66 ...thslantandbold\zhttfont{FangSong}{STKaiTi}
                                                  

! Missing = inserted for \ifnum.
<to be read again> 
                   \c@zf@script 
l.66 ...thslantandbold\zhttfont{FangSong}{STKaiTi}
                                                  
I was expecting to see `<', `=', or `>'. Didn't.

! Cannot use \XeTeXOTfeaturetag with nullfont; not an OpenType Layout font.
\iterate ...ifnum \XeTeXOTfeaturetag \zf@basefont 
                                                  \c@zf@script \c@zf@languag...
l.66 ...thslantandbold\zhttfont{FangSong}{STKaiTi}
                                                  

! Missing = inserted for \ifnum.
<to be read again> 
                   \c@zf@script 
l.66 ...thslantandbold\zhttfont{FangSong}{STKaiTi}
                                                  
I was expecting to see `<', `=', or `>'. Didn't.

! Cannot use \XeTeXOTfeaturetag with nullfont; not an OpenType Layout font.
\iterate ...ifnum \XeTeXOTfeaturetag \zf@basefont 
                                                  \c@zf@script \c@zf@languag...
l.66 ...thslantandbold\zhttfont{FangSong}{STKaiTi}
                                                  

! Missing = inserted for \ifnum.
<to be read again> 
                   \c@zf@script 
l.66 ...thslantandbold\zhttfont{FangSong}{STKaiTi}
                                                  
I was expecting to see `<', `=', or `>'. Didn't.

! Cannot use \XeTeXOTfeaturetag with nullfont; not an OpenType Layout font.
\iterate ...ifnum \XeTeXOTfeaturetag \zf@basefont 
                                                  \c@zf@script \c@zf@languag...
l.66 ...thslantandbold\zhttfont{FangSong}{STKaiTi}
                                                  

! Missing = inserted for \ifnum.
<to be read again> 
                   \c@zf@script 
l.66 ...thslantandbold\zhttfont{FangSong}{STKaiTi}
                                                  
I was expecting to see `<', `=', or `>'. Didn't.

! Cannot use \XeTeXOTfeaturetag with nullfont; not an OpenType Layout font.
\iterate ...ifnum \XeTeXOTfeaturetag \zf@basefont 
                                                  \c@zf@script \c@zf@languag...
l.66 ...thslantandbold\zhttfont{FangSong}{STKaiTi}
                                                  

! Missing = inserted for \ifnum.
<to be read again> 
                   \c@zf@script 
l.66 ...thslantandbold\zhttfont{FangSong}{STKaiTi}
                                                  
I was expecting to see `<', `=', or `>'. Didn't.

! Cannot use \XeTeXOTfeaturetag with nullfont; not an OpenType Layout font.
\iterate ...ifnum \XeTeXOTfeaturetag \zf@basefont 
                                                  \c@zf@script \c@zf@languag...
l.66 ...thslantandbold\zhttfont{FangSong}{STKaiTi}
                                                  

! Missing = inserted for \ifnum.
<to be read again> 
                   \c@zf@script 
l.66 ...thslantandbold\zhttfont{FangSong}{STKaiTi}
                                                  
I was expecting to see `<', `=', or `>'. Didn't.

! Cannot use \XeTeXOTfeaturetag with nullfont; not an OpenType Layout font.
\iterate ...ifnum \XeTeXOTfeaturetag \zf@basefont 
                                                  \c@zf@script \c@zf@languag...
l.66 ...thslantandbold\zhttfont{FangSong}{STKaiTi}
                                                  

! Missing = inserted for \ifnum.
<to be read again> 
                   \c@zf@script 
l.66 ...thslantandbold\zhttfont{FangSong}{STKaiTi}
                                                  
I was expecting to see `<', `=', or `>'. Didn't.

! Cannot use \XeTeXOTfeaturetag with nullfont; not an OpenType Layout font.
\iterate ...ifnum \XeTeXOTfeaturetag \zf@basefont 
                                                  \c@zf@script \c@zf@languag...
l.66 ...thslantandbold\zhttfont{FangSong}{STKaiTi}
                                                  

! Missing = inserted for \ifnum.
<to be read again> 
                   \c@zf@script 
l.66 ...thslantandbold\zhttfont{FangSong}{STKaiTi}
                                                  
I was expecting to see `<', `=', or `>'. Didn't.

! Cannot use \XeTeXOTfeaturetag with nullfont; not an OpenType Layout font.
\iterate ...ifnum \XeTeXOTfeaturetag \zf@basefont 
                                                  \c@zf@script \c@zf@languag...
l.66 ...thslantandbold\zhttfont{FangSong}{STKaiTi}
                                                  

! Missing = inserted for \ifnum.
<to be read again> 
                   \c@zf@script 
l.66 ...thslantandbold\zhttfont{FangSong}{STKaiTi}
                                                  
I was expecting to see `<', `=', or `>'. Didn't.

! Cannot use \XeTeXOTfeaturetag with nullfont; not an OpenType Layout font.
\iterate ...ifnum \XeTeXOTfeaturetag \zf@basefont 
                                                  \c@zf@script \c@zf@languag...
l.66 ...thslantandbold\zhttfont{FangSong}{STKaiTi}
                                                  

! Missing = inserted for \ifnum.
<to be read again> 
                   \c@zf@script 
l.66 ...thslantandbold\zhttfont{FangSong}{STKaiTi}
                                                  
I was expecting to see `<', `=', or `>'. Didn't.

! Cannot use \XeTeXOTfeaturetag with nullfont; not an OpenType Layout font.
\iterate ...ifnum \XeTeXOTfeaturetag \zf@basefont 
                                                  \c@zf@script \c@zf@languag...
l.66 ...thslantandbold\zhttfont{FangSong}{STKaiTi}
                                                  

! Missing = inserted for \ifnum.
<to be read again> 
                   \c@zf@script 
l.66 ...thslantandbold\zhttfont{FangSong}{STKaiTi}
                                                  
I was expecting to see `<', `=', or `>'. Didn't.

! Cannot use \XeTeXOTfeaturetag with nullfont; not an OpenType Layout font.
\iterate ...ifnum \XeTeXOTfeaturetag \zf@basefont 
                                                  \c@zf@script \c@zf@languag...
l.66 ...thslantandbold\zhttfont{FangSong}{STKaiTi}
                                                  

! Missing = inserted for \ifnum.
<to be read again> 
                   \c@zf@script 
l.66 ...thslantandbold\zhttfont{FangSong}{STKaiTi}
                                                  
I was expecting to see `<', `=', or `>'. Didn't.

! Cannot use \XeTeXOTfeaturetag with nullfont; not an OpenType Layout font.
\iterate ...ifnum \XeTeXOTfeaturetag \zf@basefont 
                                                  \c@zf@script \c@zf@languag...
l.66 ...thslantandbold\zhttfont{FangSong}{STKaiTi}
                                                  

! Missing = inserted for \ifnum.
<to be read again> 
                   \c@zf@script 
l.66 ...thslantandbold\zhttfont{FangSong}{STKaiTi}
                                                  
(That makes 100 errors; please try again.) 
Here is how much of TeX's memory you used:
 16282 strings out of 494708
 293080 string characters out of 1165176
 387177 words of memory out of 3000000
 19134 multiletter control sequences out of 10000+50000
 4301 words of font info for 23 fonts, out of 3000000 for 5000
 669 hyphenation exceptions out of 8191
 43i,0n,53p,516b,237s stack positions out of 5000i,500n,10000p,200000b,50000s

No pages of output.
